This file contains any messages produced by compilers while
running configure, to aid debugging if configure makes a mistake.

It was created by probex configure 1.0, which was
generated by GNU Autoconf 2.71.  Invocation command line was

  $ ./configure

## --------- ##
## Platform. ##
## --------- ##

hostname = Davids-MBP
uname -m = x86_64
uname -r = 20.6.0
uname -s = Darwin
uname -v = Darwin Kernel Version 20.6.0: Wed Jun 23 00:26:31 PDT 2021; root:xnu-7195.141.2~5/RELEASE_X86_64

/usr/bin/uname -p = i386
/bin/uname -X     = unknown

/bin/arch              = unknown
/usr/bin/arch -k       = unknown
/usr/convex/getsysinfo = unknown
/usr/bin/hostinfo      = Mach kernel version:
	 Darwin Kernel Version 20.6.0: Wed Jun 23 00:26:31 PDT 2021; root:xnu-7195.141.2~5/RELEASE_X86_64
Kernel configured for up to 4 processors.
2 processors are physically available.
4 processors are logically available.
Processor type: x86_64h (Intel x86-64h Haswell)
Processors active: 0 1 2 3
Primary memory available: 8.00 gigabytes
Default processor set: 484 tasks, 2134 threads, 4 processors
Load average: 1.69, Mach factor: 2.30
/bin/machine           = unknown
/usr/bin/oslevel       = unknown
/bin/universe          = unknown

PATH: /usr/local/sbin/
PATH: /Library/Frameworks/Python.framework/Versions/3.9/bin/
PATH: /Users/Young/.rvm/gems/ruby-2.7.1/bin/
PATH: /Users/Young/.rvm/gems/ruby-2.7.1@global/bin/
PATH: /Users/Young/.rvm/rubies/ruby-2.7.1/bin/
PATH: /Users/Young/.nvm/versions/node/v14.16.0/bin/
PATH: /Library/Frameworks/Python.framework/Versions/3.7/bin/
PATH: /usr/local/bin/
PATH: /usr/bin/
PATH: /bin/
PATH: /usr/sbin/
PATH: /sbin/
PATH: /usr/local/share/dotnet/
PATH: ~/.dotnet/tools/
PATH: /Library/Apple/usr/bin/
PATH: /Library/Frameworks/Mono.framework/Versions/Current/Commands/
PATH: /Applications/Postgres.app/Contents/Versions/latest/bin/
PATH: /Applications/Xamarin Workbooks.app/Contents/SharedSupport/path-bin/
PATH: /Users/Young/.rvm/bin/


## ----------- ##
## Core tests. ##
## ----------- ##

configure:2514: looking for aux files: compile missing install-sh
configure:2527:  trying ./build-aux/
configure:2556:   ./build-aux/compile found
configure:2556:   ./build-aux/missing found
configure:2538:   ./build-aux/install-sh found
configure:2697: checking for a BSD-compatible install
configure:2770: result: /usr/local/bin/ginstall -c
configure:2781: checking whether build environment is sane
configure:2836: result: yes
configure:2995: checking for a race-free mkdir -p
configure:3039: result: /usr/local/bin/gmkdir -p
configure:3046: checking for gawk
configure:3081: result: no
configure:3046: checking for mawk
configure:3081: result: no
configure:3046: checking for nawk
configure:3081: result: no
configure:3046: checking for awk
configure:3067: found /usr/bin/awk
configure:3078: result: awk
configure:3089: checking whether make sets $(MAKE)
configure:3112: result: yes
configure:3142: checking whether make supports nested variables
configure:3160: result: yes
configure:3360: checking for gcc
configure:3381: found /usr/bin/gcc
configure:3392: result: gcc
configure:3745: checking for C compiler version
configure:3754: gcc --version >&5
Apple clang version 12.0.5 (clang-1205.0.22.11)
Target: x86_64-apple-darwin20.6.0
Thread model: posix
InstalledDir: /Applications/Xcode.app/Contents/Developer/Toolchains/XcodeDefault.xctoolchain/usr/bin
Configured with: --prefix=/Applications/Xcode.app/Contents/Developer/usr --with-gxx-include-dir=/Applications/Xcode.app/Contents/Developer/Platforms/MacOSX.platform/Developer/SDKs/MacOSX.sdk/usr/include/c++/4.2.1
configure:3765: $? = 0
configure:3754: gcc -v >&5
Configured with: --prefix=/Applications/Xcode.app/Contents/Developer/usr --with-gxx-include-dir=/Applications/Xcode.app/Contents/Developer/Platforms/MacOSX.platform/Developer/SDKs/MacOSX.sdk/usr/include/c++/4.2.1
Apple clang version 12.0.5 (clang-1205.0.22.11)
Target: x86_64-apple-darwin20.6.0
Thread model: posix
InstalledDir: /Applications/Xcode.app/Contents/Developer/Toolchains/XcodeDefault.xctoolchain/usr/bin
configure:3765: $? = 0
configure:3754: gcc -V >&5
clang: error: argument to '-V' is missing (expected 1 value)
clang: error: no input files
configure:3765: $? = 1
configure:3754: gcc -qversion >&5
clang: error: unknown argument '-qversion'; did you mean '--version'?
clang: error: no input files
configure:3765: $? = 1
configure:3754: gcc -version >&5
clang: error: unknown argument '-version'; did you mean '--version'?
clang: error: no input files
configure:3765: $? = 1
configure:3785: checking whether the C compiler works
configure:3807: gcc    conftest.c  >&5
configure:3811: $? = 0
configure:3861: result: yes
configure:3864: checking for C compiler default output file name
configure:3866: result: a.out
configure:3872: checking for suffix of executables
configure:3879: gcc -o conftest    conftest.c  >&5
configure:3883: $? = 0
configure:3906: result: 
configure:3928: checking whether we are cross compiling
configure:3936: gcc -o conftest    conftest.c  >&5
configure:3940: $? = 0
configure:3947: ./conftest
configure:3951: $? = 0
configure:3966: result: no
configure:3971: checking for suffix of object files
configure:3994: gcc -c   conftest.c >&5
configure:3998: $? = 0
configure:4020: result: o
configure:4024: checking whether the compiler supports GNU C
configure:4044: gcc -c   conftest.c >&5
configure:4044: $? = 0
configure:4054: result: yes
configure:4065: checking whether gcc accepts -g
configure:4086: gcc -c -g  conftest.c >&5
configure:4086: $? = 0
configure:4130: result: yes
configure:4150: checking for gcc option to enable C11 features
configure:4165: gcc  -c -g -O2  conftest.c >&5
configure:4165: $? = 0
configure:4183: result: none needed
configure:4299: checking whether gcc understands -c and -o together
configure:4322: gcc -c conftest.c -o conftest2.o
configure:4325: $? = 0
configure:4322: gcc -c conftest.c -o conftest2.o
configure:4325: $? = 0
configure:4337: result: yes
configure:4357: checking whether make supports the include directive
configure:4372: make -f confmf.GNU && cat confinc.out
this is the am__doit target
configure:4375: $? = 0
configure:4394: result: yes (GNU style)
configure:4420: checking dependency style of gcc
configure:4532: result: gcc3
configure:4616: checking for g++
configure:4637: found /usr/bin/g++
configure:4648: result: g++
configure:4675: checking for C++ compiler version
configure:4684: g++ --version >&5
Apple clang version 12.0.5 (clang-1205.0.22.11)
Target: x86_64-apple-darwin20.6.0
Thread model: posix
InstalledDir: /Applications/Xcode.app/Contents/Developer/Toolchains/XcodeDefault.xctoolchain/usr/bin
Configured with: --prefix=/Applications/Xcode.app/Contents/Developer/usr --with-gxx-include-dir=/Applications/Xcode.app/Contents/Developer/Platforms/MacOSX.platform/Developer/SDKs/MacOSX.sdk/usr/include/c++/4.2.1
configure:4695: $? = 0
configure:4684: g++ -v >&5
Configured with: --prefix=/Applications/Xcode.app/Contents/Developer/usr --with-gxx-include-dir=/Applications/Xcode.app/Contents/Developer/Platforms/MacOSX.platform/Developer/SDKs/MacOSX.sdk/usr/include/c++/4.2.1
Apple clang version 12.0.5 (clang-1205.0.22.11)
Target: x86_64-apple-darwin20.6.0
Thread model: posix
InstalledDir: /Applications/Xcode.app/Contents/Developer/Toolchains/XcodeDefault.xctoolchain/usr/bin
configure:4695: $? = 0
configure:4684: g++ -V >&5
clang: error: argument to '-V' is missing (expected 1 value)
clang: error: no input files
configure:4695: $? = 1
configure:4684: g++ -qversion >&5
clang: error: unknown argument '-qversion'; did you mean '--version'?
clang: error: no input files
configure:4695: $? = 1
configure:4699: checking whether the compiler supports GNU C++
configure:4719: g++ -c   conftest.cpp >&5
configure:4719: $? = 0
configure:4729: result: yes
configure:4740: checking whether g++ accepts -g
configure:4761: g++ -c -g  conftest.cpp >&5
configure:4761: $? = 0
configure:4805: result: yes
configure:4825: checking for g++ option to enable C++11 features
configure:4840: g++  -c -g -O2  conftest.cpp >&5
conftest.cpp:57:3: error: "Compiler does not advertise C++11 conformance"
# error "Compiler does not advertise C++11 conformance"
  ^
conftest.cpp:62:3: error: unknown type name 'constexpr'
  constexpr int get_val() { return 20; }
  ^
conftest.cpp:74:17: error: delegating constructors are permitted only in C++11
    delegate(): delegate(2354) {}
                ^~~~~~~~
conftest.cpp:85:26: warning: 'override' keyword is a C++11 extension [-Wc++11-extensions]
    virtual int getval() override final { return this->n * 2; }
                         ^
conftest.cpp:85:35: warning: 'final' keyword is a C++11 extension [-Wc++11-extensions]
    virtual int getval() override final { return this->n * 2; }
                                  ^
conftest.cpp:92:16: warning: defaulted function definitions are a C++11 extension [-Wc++11-extensions]
    nocopy() = default;
               ^
conftest.cpp:93:29: warning: deleted function definitions are a C++11 extension [-Wc++11-extensions]
    nocopy(const nocopy&) = delete;
                            ^
conftest.cpp:94:41: warning: deleted function definitions are a C++11 extension [-Wc++11-extensions]
    nocopy & operator=(const nocopy&) = delete;
                                        ^
conftest.cpp:106:25: warning: 'auto' type specifier is a C++11 extension [-Wc++11-extensions]
  template <typename V> auto sum(V first) -> V
                        ^
conftest.cpp:106:25: error: 'auto' not allowed in function return type
  template <typename V> auto sum(V first) -> V
                        ^~~~
conftest.cpp:106:42: error: expected ';' at end of declaration
  template <typename V> auto sum(V first) -> V
                                         ^
                                         ;
conftest.cpp:106:43: error: cannot use arrow operator on a type
  template <typename V> auto sum(V first) -> V
                                          ^
conftest.cpp:110:33: warning: variadic templates are a C++11 extension [-Wc++11-extensions]
  template <typename V, typename... Args> auto sum(V first, Args... rest) -> V
                                ^
conftest.cpp:110:43: warning: 'auto' type specifier is a C++11 extension [-Wc++11-extensions]
  template <typename V, typename... Args> auto sum(V first, Args... rest) -> V
                                          ^
conftest.cpp:110:43: error: 'auto' not allowed in function return type
  template <typename V, typename... Args> auto sum(V first, Args... rest) -> V
                                          ^~~~
conftest.cpp:110:74: error: expected ';' at end of declaration
  template <typename V, typename... Args> auto sum(V first, Args... rest) -> V
                                                                         ^
                                                                         ;
conftest.cpp:110:75: error: cannot use arrow operator on a type
  template <typename V, typename... Args> auto sum(V first, Args... rest) -> V
                                                                          ^
conftest.cpp:134:3: warning: 'auto' type specifier is a C++11 extension [-Wc++11-extensions]
  auto a1 = 6538;
  ^
conftest.cpp:135:3: warning: 'auto' type specifier is a C++11 extension [-Wc++11-extensions]
  auto a2 = 48573953.4;
  ^
conftest.cpp:136:3: warning: 'auto' type specifier is a C++11 extension [-Wc++11-extensions]
  auto a3 = "String literal";
  ^
conftest.cpp:139:8: warning: 'auto' type specifier is a C++11 extension [-Wc++11-extensions]
  for (auto i = a3; *i; ++i) { total += *i; }
       ^
conftest.cpp:155:8: warning: 'auto' type specifier is a C++11 extension [-Wc++11-extensions]
  for (auto &x : array) { x += 23; }
       ^
conftest.cpp:155:16: warning: range-based for loop is a C++11 extension [-Wc++11-extensions]
  for (auto &x : array) { x += 23; }
               ^
conftest.cpp:160:17: error: expected expression
  assert (eval ([](int x) { return x*2; }, 21) == 42);
                ^
conftest.cpp:162:17: error: expected expression
  assert (eval ([&](double x) { return d += x; }, 3.0) == 5.0);
                ^
conftest.cpp:164:17: error: expected expression
  assert (eval ([=](double x) mutable { return d += x; }, 4.0) == 9.0);
                ^
conftest.cpp:170:3: warning: 'auto' type specifier is a C++11 extension [-Wc++11-extensions]
  auto a = sum(1);
  ^
conftest.cpp:170:12: error: no matching function for call to 'sum'
  auto a = sum(1);
           ^~~
conftest.cpp:171:3: warning: 'auto' type specifier is a C++11 extension [-Wc++11-extensions]
  auto b = sum(1, 2);
  ^
conftest.cpp:171:12: error: no matching function for call to 'sum'
  auto b = sum(1, 2);
           ^~~
conftest.cpp:172:3: warning: 'auto' type specifier is a C++11 extension [-Wc++11-extensions]
  auto c = sum(1.0, 2.0, 3.0);
  ^
conftest.cpp:172:12: error: no matching function for call to 'sum'
  auto c = sum(1.0, 2.0, 3.0);
           ^~~
conftest.cpp:177:25: warning: empty parentheses interpreted as a function declaration [-Wvexing-parse]
  cxx11test::delegate d2();
                        ^~
conftest.cpp:177:25: note: remove parentheses to declare a variable
  cxx11test::delegate d2();
                        ^~
conftest.cpp:190:16: error: found '<::' after a template name which forms the digraph '<:' (aka '[') and a ':', did you mean '< ::'?
  test_template<::test_template<int>> v(test_template<int>(12));
               ^~~
               < ::
conftest.cpp:190:36: error: a space is required between consecutive right angle brackets (use '> >')
  test_template<::test_template<int>> v(test_template<int>(12));
                                   ^~
                                   > >
conftest.cpp:194:22: error: use of undeclared identifier 'u8'
  char const *utf8 = u8"UTF-8 string \u2500";
                     ^
conftest.cpp:194:24: error: expected ';' at end of declaration
  char const *utf8 = u8"UTF-8 string \u2500";
                       ^
                       ;
fatal error: too many errors emitted, stopping now [-ferror-limit=]
18 warnings and 20 errors generated.
configure:4840: $? = 1
configure: failed program was:
| /* confdefs.h */
| #define PACKAGE_NAME "probex"
| #define PACKAGE_TARNAME "probex"
| #define PACKAGE_VERSION "1.0"
| #define PACKAGE_STRING "probex 1.0"
| #define PACKAGE_BUGREPORT ""
| #define PACKAGE_URL ""
| #define PACKAGE "probex"
| #define VERSION "1.0"
| /* end confdefs.h.  */
| 
| // Does the compiler advertise C++98 conformance?
| #if !defined __cplusplus || __cplusplus < 199711L
| # error "Compiler does not advertise C++98 conformance"
| #endif
| 
| // These inclusions are to reject old compilers that
| // lack the unsuffixed header files.
| #include <cstdlib>
| #include <exception>
| 
| // <cassert> and <cstring> are *not* freestanding headers in C++98.
| extern void assert (int);
| namespace std {
|   extern int strcmp (const char *, const char *);
| }
| 
| // Namespaces, exceptions, and templates were all added after "C++ 2.0".
| using std::exception;
| using std::strcmp;
| 
| namespace {
| 
| void test_exception_syntax()
| {
|   try {
|     throw "test";
|   } catch (const char *s) {
|     // Extra parentheses suppress a warning when building autoconf itself,
|     // due to lint rules shared with more typical C programs.
|     assert (!(strcmp) (s, "test"));
|   }
| }
| 
| template <typename T> struct test_template
| {
|   T const val;
|   explicit test_template(T t) : val(t) {}
|   template <typename U> T add(U u) { return static_cast<T>(u) + val; }
| };
| 
| } // anonymous namespace
| 
| 
| // Does the compiler advertise C++ 2011 conformance?
| #if !defined __cplusplus || __cplusplus < 201103L
| # error "Compiler does not advertise C++11 conformance"
| #endif
| 
| namespace cxx11test
| {
|   constexpr int get_val() { return 20; }
| 
|   struct testinit
|   {
|     int i;
|     double d;
|   };
| 
|   class delegate
|   {
|   public:
|     delegate(int n) : n(n) {}
|     delegate(): delegate(2354) {}
| 
|     virtual int getval() { return this->n; };
|   protected:
|     int n;
|   };
| 
|   class overridden : public delegate
|   {
|   public:
|     overridden(int n): delegate(n) {}
|     virtual int getval() override final { return this->n * 2; }
|   };
| 
|   class nocopy
|   {
|   public:
|     nocopy(int i): i(i) {}
|     nocopy() = default;
|     nocopy(const nocopy&) = delete;
|     nocopy & operator=(const nocopy&) = delete;
|   private:
|     int i;
|   };
| 
|   // for testing lambda expressions
|   template <typename Ret, typename Fn> Ret eval(Fn f, Ret v)
|   {
|     return f(v);
|   }
| 
|   // for testing variadic templates and trailing return types
|   template <typename V> auto sum(V first) -> V
|   {
|     return first;
|   }
|   template <typename V, typename... Args> auto sum(V first, Args... rest) -> V
|   {
|     return first + sum(rest...);
|   }
| }
| 
| 
| int
| main (int argc, char **argv)
| {
|   int ok = 0;
|   
|   assert (argc);
|   assert (! argv[0]);
| {
|   test_exception_syntax ();
|   test_template<double> tt (2.0);
|   assert (tt.add (4) == 6.0);
|   assert (true && !false);
| }
| 
|   
| {
|   // Test auto and decltype
|   auto a1 = 6538;
|   auto a2 = 48573953.4;
|   auto a3 = "String literal";
| 
|   int total = 0;
|   for (auto i = a3; *i; ++i) { total += *i; }
| 
|   decltype(a2) a4 = 34895.034;
| }
| {
|   // Test constexpr
|   short sa[cxx11test::get_val()] = { 0 };
| }
| {
|   // Test initializer lists
|   cxx11test::testinit il = { 4323, 435234.23544 };
| }
| {
|   // Test range-based for
|   int array[] = {9, 7, 13, 15, 4, 18, 12, 10, 5, 3,
|                  14, 19, 17, 8, 6, 20, 16, 2, 11, 1};
|   for (auto &x : array) { x += 23; }
| }
| {
|   // Test lambda expressions
|   using cxx11test::eval;
|   assert (eval ([](int x) { return x*2; }, 21) == 42);
|   double d = 2.0;
|   assert (eval ([&](double x) { return d += x; }, 3.0) == 5.0);
|   assert (d == 5.0);
|   assert (eval ([=](double x) mutable { return d += x; }, 4.0) == 9.0);
|   assert (d == 5.0);
| }
| {
|   // Test use of variadic templates
|   using cxx11test::sum;
|   auto a = sum(1);
|   auto b = sum(1, 2);
|   auto c = sum(1.0, 2.0, 3.0);
| }
| {
|   // Test constructor delegation
|   cxx11test::delegate d1;
|   cxx11test::delegate d2();
|   cxx11test::delegate d3(45);
| }
| {
|   // Test override and final
|   cxx11test::overridden o1(55464);
| }
| {
|   // Test nullptr
|   char *c = nullptr;
| }
| {
|   // Test template brackets
|   test_template<::test_template<int>> v(test_template<int>(12));
| }
| {
|   // Unicode literals
|   char const *utf8 = u8"UTF-8 string \u2500";
|   char16_t const *utf16 = u"UTF-8 string \u2500";
|   char32_t const *utf32 = U"UTF-32 string \u2500";
| }
| 
|   return ok;
| }
| 
configure:4858: result: none needed
configure:4924: checking dependency style of g++
configure:5036: result: gcc3
configure:5064: checking for stdio.h
configure:5064: g++ -c -g -O2  conftest.cpp >&5
configure:5064: $? = 0
configure:5064: result: yes
configure:5064: checking for stdlib.h
configure:5064: g++ -c -g -O2  conftest.cpp >&5
configure:5064: $? = 0
configure:5064: result: yes
configure:5064: checking for string.h
configure:5064: g++ -c -g -O2  conftest.cpp >&5
configure:5064: $? = 0
configure:5064: result: yes
configure:5064: checking for inttypes.h
configure:5064: g++ -c -g -O2  conftest.cpp >&5
configure:5064: $? = 0
configure:5064: result: yes
configure:5064: checking for stdint.h
configure:5064: g++ -c -g -O2  conftest.cpp >&5
configure:5064: $? = 0
configure:5064: result: yes
configure:5064: checking for strings.h
configure:5064: g++ -c -g -O2  conftest.cpp >&5
configure:5064: $? = 0
configure:5064: result: yes
configure:5064: checking for sys/stat.h
configure:5064: g++ -c -g -O2  conftest.cpp >&5
configure:5064: $? = 0
configure:5064: result: yes
configure:5064: checking for sys/types.h
configure:5064: g++ -c -g -O2  conftest.cpp >&5
configure:5064: $? = 0
configure:5064: result: yes
configure:5064: checking for unistd.h
configure:5064: g++ -c -g -O2  conftest.cpp >&5
configure:5064: $? = 0
configure:5064: result: yes
configure:5089: checking for iostream
configure:5089: g++ -c -g -O2  conftest.cpp >&5
configure:5089: $? = 0
configure:5089: result: yes
configure:5096: checking for algorithm
configure:5096: g++ -c -g -O2  conftest.cpp >&5
configure:5096: $? = 0
configure:5096: result: yes
configure:5125: checking for libavformat/avformat.h
configure:5125: gcc -c -g -O2  conftest.c >&5
configure:5125: $? = 0
configure:5125: result: yes
configure:5125: checking for libavcodec/avcodec.h
configure:5125: gcc -c -g -O2  conftest.c >&5
configure:5125: $? = 0
configure:5125: result: yes
configure:5125: checking for libavcodec/codec_id.h
configure:5125: gcc -c -g -O2  conftest.c >&5
configure:5125: $? = 0
configure:5125: result: yes
configure:5125: checking for libavutil/opt.h
configure:5125: gcc -c -g -O2  conftest.c >&5
configure:5125: $? = 0
configure:5125: result: yes
configure:5125: checking for libavutil/bprint.h
configure:5125: gcc -c -g -O2  conftest.c >&5
configure:5125: $? = 0
configure:5125: result: yes
configure:5125: checking for libavutil/dict.h
configure:5125: gcc -c -g -O2  conftest.c >&5
configure:5125: $? = 0
configure:5125: result: yes
configure:5125: checking for libavutil/avstring.h
configure:5125: gcc -c -g -O2  conftest.c >&5
configure:5125: $? = 0
configure:5125: result: yes
configure:5125: checking for libavutil/rational.h
configure:5125: gcc -c -g -O2  conftest.c >&5
configure:5125: $? = 0
configure:5125: result: yes
configure:5125: checking for libavutil/avutil.h
configure:5125: gcc -c -g -O2  conftest.c >&5
configure:5125: $? = 0
configure:5125: result: yes
configure:5125: checking for libavutil/pixdesc.h
configure:5125: gcc -c -g -O2  conftest.c >&5
configure:5125: $? = 0
configure:5125: result: yes
configure:5125: checking for libavutil/mem.h
configure:5125: gcc -c -g -O2  conftest.c >&5
configure:5125: $? = 0
configure:5125: result: yes
configure:5137: checking for library containing av_opt_next
configure:5167: gcc -o conftest -g -O2   conftest.c  >&5
Undefined symbols for architecture x86_64:
  "_av_opt_next", referenced from:
      _main in conftest-efca8c.o
ld: symbol(s) not found for architecture x86_64
clang: error: linker command failed with exit code 1 (use -v to see invocation)
configure:5167: $? = 1
configure: failed program was:
| /* confdefs.h */
| #define PACKAGE_NAME "probex"
| #define PACKAGE_TARNAME "probex"
| #define PACKAGE_VERSION "1.0"
| #define PACKAGE_STRING "probex 1.0"
| #define PACKAGE_BUGREPORT ""
| #define PACKAGE_URL ""
| #define PACKAGE "probex"
| #define VERSION "1.0"
| #define HAVE_STDIO_H 1
| #define HAVE_STDLIB_H 1
| #define HAVE_STRING_H 1
| #define HAVE_INTTYPES_H 1
| #define HAVE_STDINT_H 1
| #define HAVE_STRINGS_H 1
| #define HAVE_SYS_STAT_H 1
| #define HAVE_SYS_TYPES_H 1
| #define HAVE_UNISTD_H 1
| #define STDC_HEADERS 1
| #define HAVE_IOSTREAM 1
| #define HAVE_ALGORITHM 1
| #define HAVE_LIBAVFORMAT_AVFORMAT_H 1
| #define HAVE_LIBAVCODEC_AVCODEC_H 1
| #define HAVE_LIBAVCODEC_CODEC_ID_H 1
| #define HAVE_LIBAVUTIL_OPT_H 1
| #define HAVE_LIBAVUTIL_BPRINT_H 1
| #define HAVE_LIBAVUTIL_DICT_H 1
| #define HAVE_LIBAVUTIL_AVSTRING_H 1
| #define HAVE_LIBAVUTIL_RATIONAL_H 1
| #define HAVE_LIBAVUTIL_AVUTIL_H 1
| #define HAVE_LIBAVUTIL_PIXDESC_H 1
| #define HAVE_LIBAVUTIL_MEM_H 1
| /* end confdefs.h.  */
| 
| /* Override any GCC internal prototype to avoid an error.
|    Use char because int might match the return type of a GCC
|    builtin and then its argument prototype would still apply.  */
| char av_opt_next ();
| int
| main (void)
| {
| return av_opt_next ();
|   ;
|   return 0;
| }
configure:5167: gcc -o conftest -g -O2   conftest.c -lavutil   >&5
configure:5167: $? = 0
configure:5187: result: -lavutil
configure:5198: checking for library containing av_opt_get
configure:5228: gcc -o conftest -g -O2   conftest.c -lavutil  >&5
configure:5228: $? = 0
configure:5248: result: none required
configure:5259: checking for library containing av_opt_find
configure:5289: gcc -o conftest -g -O2   conftest.c -lavutil  >&5
configure:5289: $? = 0
configure:5309: result: none required
configure:5320: checking for library containing av_dict_set
configure:5350: gcc -o conftest -g -O2   conftest.c -lavutil  >&5
configure:5350: $? = 0
configure:5370: result: none required
configure:5381: checking for library containing av_dict_free
configure:5411: gcc -o conftest -g -O2   conftest.c -lavutil  >&5
configure:5411: $? = 0
configure:5431: result: none required
configure:5442: checking for library containing avformat_alloc_context
configure:5472: gcc -o conftest -g -O2   conftest.c -lavutil  >&5
Undefined symbols for architecture x86_64:
  "_avformat_alloc_context", referenced from:
      _main in conftest-4a53e1.o
ld: symbol(s) not found for architecture x86_64
clang: error: linker command failed with exit code 1 (use -v to see invocation)
configure:5472: $? = 1
configure: failed program was:
| /* confdefs.h */
| #define PACKAGE_NAME "probex"
| #define PACKAGE_TARNAME "probex"
| #define PACKAGE_VERSION "1.0"
| #define PACKAGE_STRING "probex 1.0"
| #define PACKAGE_BUGREPORT ""
| #define PACKAGE_URL ""
| #define PACKAGE "probex"
| #define VERSION "1.0"
| #define HAVE_STDIO_H 1
| #define HAVE_STDLIB_H 1
| #define HAVE_STRING_H 1
| #define HAVE_INTTYPES_H 1
| #define HAVE_STDINT_H 1
| #define HAVE_STRINGS_H 1
| #define HAVE_SYS_STAT_H 1
| #define HAVE_SYS_TYPES_H 1
| #define HAVE_UNISTD_H 1
| #define STDC_HEADERS 1
| #define HAVE_IOSTREAM 1
| #define HAVE_ALGORITHM 1
| #define HAVE_LIBAVFORMAT_AVFORMAT_H 1
| #define HAVE_LIBAVCODEC_AVCODEC_H 1
| #define HAVE_LIBAVCODEC_CODEC_ID_H 1
| #define HAVE_LIBAVUTIL_OPT_H 1
| #define HAVE_LIBAVUTIL_BPRINT_H 1
| #define HAVE_LIBAVUTIL_DICT_H 1
| #define HAVE_LIBAVUTIL_AVSTRING_H 1
| #define HAVE_LIBAVUTIL_RATIONAL_H 1
| #define HAVE_LIBAVUTIL_AVUTIL_H 1
| #define HAVE_LIBAVUTIL_PIXDESC_H 1
| #define HAVE_LIBAVUTIL_MEM_H 1
| /* end confdefs.h.  */
| 
| /* Override any GCC internal prototype to avoid an error.
|    Use char because int might match the return type of a GCC
|    builtin and then its argument prototype would still apply.  */
| char avformat_alloc_context ();
| int
| main (void)
| {
| return avformat_alloc_context ();
|   ;
|   return 0;
| }
configure:5472: gcc -o conftest -g -O2   conftest.c -lavformat  -lavutil  >&5
configure:5472: $? = 0
configure:5492: result: -lavformat
configure:5503: checking for library containing avformat_close_input
configure:5533: gcc -o conftest -g -O2   conftest.c -lavformat -lavutil  >&5
configure:5533: $? = 0
configure:5553: result: none required
configure:5564: checking for library containing avcodec_get_class
configure:5594: gcc -o conftest -g -O2   conftest.c -lavformat -lavutil  >&5
Undefined symbols for architecture x86_64:
  "_avcodec_get_class", referenced from:
      _main in conftest-baaeb0.o
ld: symbol(s) not found for architecture x86_64
clang: error: linker command failed with exit code 1 (use -v to see invocation)
configure:5594: $? = 1
configure: failed program was:
| /* confdefs.h */
| #define PACKAGE_NAME "probex"
| #define PACKAGE_TARNAME "probex"
| #define PACKAGE_VERSION "1.0"
| #define PACKAGE_STRING "probex 1.0"
| #define PACKAGE_BUGREPORT ""
| #define PACKAGE_URL ""
| #define PACKAGE "probex"
| #define VERSION "1.0"
| #define HAVE_STDIO_H 1
| #define HAVE_STDLIB_H 1
| #define HAVE_STRING_H 1
| #define HAVE_INTTYPES_H 1
| #define HAVE_STDINT_H 1
| #define HAVE_STRINGS_H 1
| #define HAVE_SYS_STAT_H 1
| #define HAVE_SYS_TYPES_H 1
| #define HAVE_UNISTD_H 1
| #define STDC_HEADERS 1
| #define HAVE_IOSTREAM 1
| #define HAVE_ALGORITHM 1
| #define HAVE_LIBAVFORMAT_AVFORMAT_H 1
| #define HAVE_LIBAVCODEC_AVCODEC_H 1
| #define HAVE_LIBAVCODEC_CODEC_ID_H 1
| #define HAVE_LIBAVUTIL_OPT_H 1
| #define HAVE_LIBAVUTIL_BPRINT_H 1
| #define HAVE_LIBAVUTIL_DICT_H 1
| #define HAVE_LIBAVUTIL_AVSTRING_H 1
| #define HAVE_LIBAVUTIL_RATIONAL_H 1
| #define HAVE_LIBAVUTIL_AVUTIL_H 1
| #define HAVE_LIBAVUTIL_PIXDESC_H 1
| #define HAVE_LIBAVUTIL_MEM_H 1
| /* end confdefs.h.  */
| 
| /* Override any GCC internal prototype to avoid an error.
|    Use char because int might match the return type of a GCC
|    builtin and then its argument prototype would still apply.  */
| char avcodec_get_class ();
| int
| main (void)
| {
| return avcodec_get_class ();
|   ;
|   return 0;
| }
configure:5594: gcc -o conftest -g -O2   conftest.c -lavcodec  -lavformat -lavutil  >&5
configure:5594: $? = 0
configure:5614: result: -lavcodec
configure:5625: checking for library containing avcodec_find_encoder
configure:5655: gcc -o conftest -g -O2   conftest.c -lavcodec -lavformat -lavutil  >&5
configure:5655: $? = 0
configure:5675: result: none required
configure:5686: checking for library containing avcodec_find_decoder
configure:5716: gcc -o conftest -g -O2   conftest.c -lavcodec -lavformat -lavutil  >&5
configure:5716: $? = 0
configure:5736: result: none required
configure:5907: checking that generated files are newer than configure
configure:5913: result: done
configure:5940: creating ./config.status

## ---------------------- ##
## Running config.status. ##
## ---------------------- ##

This file was extended by probex config.status 1.0, which was
generated by GNU Autoconf 2.71.  Invocation command line was

  CONFIG_FILES    = 
  CONFIG_HEADERS  = 
  CONFIG_LINKS    = 
  CONFIG_COMMANDS = 
  $ ./config.status 

on Davids-MBP

config.status:779: creating Makefile
config.status:779: creating src/Makefile
config.status:951: executing depfiles commands
config.status:1028: cd src       && sed -e '/# am--include-marker/d' Makefile         | make -f - am--depfiles
make: Nothing to be done for `am--depfiles'.
config.status:1033: $? = 0

## ---------------- ##
## Cache variables. ##
## ---------------- ##

ac_cv_c_compiler_gnu=yes
ac_cv_cxx_compiler_gnu=yes
ac_cv_env_CCC_set=
ac_cv_env_CCC_value=
ac_cv_env_CC_set=
ac_cv_env_CC_value=
ac_cv_env_CFLAGS_set=
ac_cv_env_CFLAGS_value=
ac_cv_env_CPPFLAGS_set=
ac_cv_env_CPPFLAGS_value=
ac_cv_env_CXXFLAGS_set=
ac_cv_env_CXXFLAGS_value=
ac_cv_env_CXX_set=
ac_cv_env_CXX_value=
ac_cv_env_LDFLAGS_set=
ac_cv_env_LDFLAGS_value=
ac_cv_env_LIBS_set=
ac_cv_env_LIBS_value=
ac_cv_env_build_alias_set=
ac_cv_env_build_alias_value=
ac_cv_env_host_alias_set=
ac_cv_env_host_alias_value=
ac_cv_env_target_alias_set=
ac_cv_env_target_alias_value=
ac_cv_header_algorithm=yes
ac_cv_header_inttypes_h=yes
ac_cv_header_iostream=yes
ac_cv_header_libavcodec_avcodec_h=yes
ac_cv_header_libavcodec_codec_id_h=yes
ac_cv_header_libavformat_avformat_h=yes
ac_cv_header_libavutil_avstring_h=yes
ac_cv_header_libavutil_avutil_h=yes
ac_cv_header_libavutil_bprint_h=yes
ac_cv_header_libavutil_dict_h=yes
ac_cv_header_libavutil_mem_h=yes
ac_cv_header_libavutil_opt_h=yes
ac_cv_header_libavutil_pixdesc_h=yes
ac_cv_header_libavutil_rational_h=yes
ac_cv_header_stdint_h=yes
ac_cv_header_stdio_h=yes
ac_cv_header_stdlib_h=yes
ac_cv_header_string_h=yes
ac_cv_header_strings_h=yes
ac_cv_header_sys_stat_h=yes
ac_cv_header_sys_types_h=yes
ac_cv_header_unistd_h=yes
ac_cv_objext=o
ac_cv_path_install='/usr/local/bin/ginstall -c'
ac_cv_path_mkdir=/usr/local/bin/gmkdir
ac_cv_prog_AWK=awk
ac_cv_prog_ac_ct_CC=gcc
ac_cv_prog_ac_ct_CXX=g++
ac_cv_prog_cc_c11=
ac_cv_prog_cc_g=yes
ac_cv_prog_cc_stdc=
ac_cv_prog_cxx_11=no
ac_cv_prog_cxx_g=yes
ac_cv_prog_cxx_stdcxx=
ac_cv_prog_make_make_set=yes
ac_cv_search_av_dict_free='none required'
ac_cv_search_av_dict_set='none required'
ac_cv_search_av_opt_find='none required'
ac_cv_search_av_opt_get='none required'
ac_cv_search_av_opt_next=-lavutil
ac_cv_search_avcodec_find_decoder='none required'
ac_cv_search_avcodec_find_encoder='none required'
ac_cv_search_avcodec_get_class=-lavcodec
ac_cv_search_avformat_alloc_context=-lavformat
ac_cv_search_avformat_close_input='none required'
am_cv_CC_dependencies_compiler_type=gcc3
am_cv_CXX_dependencies_compiler_type=gcc3
am_cv_make_support_nested_variables=yes
am_cv_prog_cc_c_o=yes

## ----------------- ##
## Output variables. ##
## ----------------- ##

ACLOCAL='${SHELL} '\''/Users/Young/2021/aug-21/probe-x/build-aux/missing'\'' aclocal-1.16'
AMDEPBACKSLASH='\'
AMDEP_FALSE='#'
AMDEP_TRUE=''
AMTAR='$${TAR-tar}'
AM_BACKSLASH='\'
AM_DEFAULT_V='$(AM_DEFAULT_VERBOSITY)'
AM_DEFAULT_VERBOSITY='1'
AM_V='$(V)'
AUTOCONF='${SHELL} '\''/Users/Young/2021/aug-21/probe-x/build-aux/missing'\'' autoconf'
AUTOHEADER='${SHELL} '\''/Users/Young/2021/aug-21/probe-x/build-aux/missing'\'' autoheader'
AUTOMAKE='${SHELL} '\''/Users/Young/2021/aug-21/probe-x/build-aux/missing'\'' automake-1.16'
AWK='awk'
CC='gcc'
CCDEPMODE='depmode=gcc3'
CFLAGS='-g -O2'
CPPFLAGS=''
CSCOPE='cscope'
CTAGS='ctags'
CXX='g++'
CXXDEPMODE='depmode=gcc3'
CXXFLAGS='-g -O2'
CYGPATH_W='echo'
DEFS='-DPACKAGE_NAME=\"probex\" -DPACKAGE_TARNAME=\"probex\" -DPACKAGE_VERSION=\"1.0\" -DPACKAGE_STRING=\"probex\ 1.0\" -DPACKAGE_BUGREPORT=\"\" -DPACKAGE_URL=\"\" -DPACKAGE=\"probex\" -DVERSION=\"1.0\" -DHAVE_STDIO_H=1 -DHAVE_STDLIB_H=1 -DHAVE_STRING_H=1 -DHAVE_INTTYPES_H=1 -DHAVE_STDINT_H=1 -DHAVE_STRINGS_H=1 -DHAVE_SYS_STAT_H=1 -DHAVE_SYS_TYPES_H=1 -DHAVE_UNISTD_H=1 -DSTDC_HEADERS=1 -DHAVE_IOSTREAM=1 -DHAVE_ALGORITHM=1 -DHAVE_LIBAVFORMAT_AVFORMAT_H=1 -DHAVE_LIBAVCODEC_AVCODEC_H=1 -DHAVE_LIBAVCODEC_CODEC_ID_H=1 -DHAVE_LIBAVUTIL_OPT_H=1 -DHAVE_LIBAVUTIL_BPRINT_H=1 -DHAVE_LIBAVUTIL_DICT_H=1 -DHAVE_LIBAVUTIL_AVSTRING_H=1 -DHAVE_LIBAVUTIL_RATIONAL_H=1 -DHAVE_LIBAVUTIL_AVUTIL_H=1 -DHAVE_LIBAVUTIL_PIXDESC_H=1 -DHAVE_LIBAVUTIL_MEM_H=1'
DEPDIR='.deps'
ECHO_C='\c'
ECHO_N=''
ECHO_T=''
ETAGS='etags'
EXEEXT=''
INSTALL_DATA='${INSTALL} -m 644'
INSTALL_PROGRAM='${INSTALL}'
INSTALL_SCRIPT='${INSTALL}'
INSTALL_STRIP_PROGRAM='$(install_sh) -c -s'
LDFLAGS=''
LIBOBJS=''
LIBS='-lavcodec -lavformat -lavutil '
LTLIBOBJS=''
MAKEINFO='${SHELL} '\''/Users/Young/2021/aug-21/probe-x/build-aux/missing'\'' makeinfo'
MKDIR_P='/usr/local/bin/gmkdir -p'
OBJEXT='o'
PACKAGE='probex'
PACKAGE_BUGREPORT=''
PACKAGE_NAME='probex'
PACKAGE_STRING='probex 1.0'
PACKAGE_TARNAME='probex'
PACKAGE_URL=''
PACKAGE_VERSION='1.0'
PATH_SEPARATOR=':'
SET_MAKE=''
SHELL='/bin/sh'
STRIP=''
VERSION='1.0'
ac_ct_CC='gcc'
ac_ct_CXX='g++'
am__EXEEXT_FALSE=''
am__EXEEXT_TRUE='#'
am__fastdepCC_FALSE='#'
am__fastdepCC_TRUE=''
am__fastdepCXX_FALSE='#'
am__fastdepCXX_TRUE=''
am__include='include'
am__isrc=''
am__leading_dot='.'
am__nodep='_no'
am__quote=''
am__tar='$${TAR-tar} chof - "$$tardir"'
am__untar='$${TAR-tar} xf -'
bindir='${exec_prefix}/bin'
build_alias=''
datadir='${datarootdir}'
datarootdir='${prefix}/share'
docdir='${datarootdir}/doc/${PACKAGE_TARNAME}'
dvidir='${docdir}'
exec_prefix='${prefix}'
host_alias=''
htmldir='${docdir}'
includedir='${prefix}/include'
infodir='${datarootdir}/info'
install_sh='${SHELL} /Users/Young/2021/aug-21/probe-x/build-aux/install-sh'
libdir='${exec_prefix}/lib'
libexecdir='${exec_prefix}/libexec'
localedir='${datarootdir}/locale'
localstatedir='${prefix}/var'
mandir='${datarootdir}/man'
mkdir_p='$(MKDIR_P)'
oldincludedir='/usr/include'
pdfdir='${docdir}'
prefix='/usr/local'
program_transform_name='s,x,x,'
psdir='${docdir}'
runstatedir='${localstatedir}/run'
sbindir='${exec_prefix}/sbin'
sharedstatedir='${prefix}/com'
sysconfdir='${prefix}/etc'
target_alias=''

## ----------- ##
## confdefs.h. ##
## ----------- ##

/* confdefs.h */
#define PACKAGE_NAME "probex"
#define PACKAGE_TARNAME "probex"
#define PACKAGE_VERSION "1.0"
#define PACKAGE_STRING "probex 1.0"
#define PACKAGE_BUGREPORT ""
#define PACKAGE_URL ""
#define PACKAGE "probex"
#define VERSION "1.0"
#define HAVE_STDIO_H 1
#define HAVE_STDLIB_H 1
#define HAVE_STRING_H 1
#define HAVE_INTTYPES_H 1
#define HAVE_STDINT_H 1
#define HAVE_STRINGS_H 1
#define HAVE_SYS_STAT_H 1
#define HAVE_SYS_TYPES_H 1
#define HAVE_UNISTD_H 1
#define STDC_HEADERS 1
#define HAVE_IOSTREAM 1
#define HAVE_ALGORITHM 1
#define HAVE_LIBAVFORMAT_AVFORMAT_H 1
#define HAVE_LIBAVCODEC_AVCODEC_H 1
#define HAVE_LIBAVCODEC_CODEC_ID_H 1
#define HAVE_LIBAVUTIL_OPT_H 1
#define HAVE_LIBAVUTIL_BPRINT_H 1
#define HAVE_LIBAVUTIL_DICT_H 1
#define HAVE_LIBAVUTIL_AVSTRING_H 1
#define HAVE_LIBAVUTIL_RATIONAL_H 1
#define HAVE_LIBAVUTIL_AVUTIL_H 1
#define HAVE_LIBAVUTIL_PIXDESC_H 1
#define HAVE_LIBAVUTIL_MEM_H 1

configure: exit 0
